<?xml version="1.0" encoding="UTF-8" ?>
<testsuite errors="0" failures="0" hostname="dev-pc" name="test.AgendaTest" skipped="0" tests="11" time="0.084" timestamp="2017-06-26T20:35:07">
  <properties>
[...]
</properties>
  <testcase classname="test.AgendaTest" name="agregarContactoYVerificarQueSeAgrego" time="0.002" />
  <testcase classname="test.AgendaTest" name="agregar1ContactoQueEnviaMensajeYOtroQueNoHaceNadaYVerificarCantidadDeChats" time="0.0" />
  <testcase classname="test.AgendaTest" name="noAgregarContactoeIntentarObtenerlo" time="0.001" />
  <testcase classname="test.AgendaTest" name="agregar1ContactoAGrupoYVerificarCantidadDeContactos" time="0.001" />
  <testcase classname="test.AgendaTest" name="agregarGrupoYVerificarQueSeAgrego" time="0.0" />
  <testcase classname="test.AgendaTest" name="noAgregarGrupoYVerificarQueNoHayGrupos" time="0.0" />
  <testcase classname="test.AgendaTest" name="agregarGrupoYVerificarQueExiste" time="0.0" />
  <testcase classname="test.AgendaTest" name="agregarContactoYObtenerlo" time="0.0" />
  <testcase classname="test.AgendaTest" name="agregarContactoYVerificarQueExiste" time="0.0" />
  <testcase classname="test.AgendaTest" name="agregar0ContactoAGrupoYVerificarQueUsuarioEsteEnELGrupo" time="0.0" />
  <testcase classname="test.AgendaTest" name="noAgregarContactoYVerificarQueNoHayContactos" time="0.0" />
  <system-out><![CDATA[]]></system-out>
  <system-err><![CDATA[]]></system-err>
</testsuite>
